<?xml version="1.0" encoding="UTF-8"?><testsuite errors="0" failures="0" name="Testing different stores on the BestBuy application" skipped="5" tests="5" time="0.01" timestamp="2022-06-21T21:21:35.547+01:00[Europe/London]"><testcase name="Check if the BestBuy application can be accessed stores by users"><skipped/></testcase><testcase name="Check if user can create a new stores in BestBuy application"><skipped/></testcase><testcase name="Verify if the stores was added to the application"><skipped/></testcase><testcase name="Update the stores information and verify the updated information"><skipped/></testcase><testcase name="Delete the stores and verify if the stores is deleted"><skipped/></testcase></testsuite>