<?xml version="1.0" encoding="UTF-8"?><testsuite errors="0" failures="0" name="Testing different API method request on Bestbuy application" skipped="1" tests="5" time="0.02" timestamp="2022-06-21T21:21:30.670+01:00[Europe/London]"><testcase name="Check if the Product aplication can accessed by users"/><testcase name="Check if user can create a new products in BestBuy application"><skipped/></testcase><testcase name="Verify if the product was added to the application"/><testcase name="Update the product information and verify the updated information"/><testcase name="Delete the product and verify if the product is deleted"/></testsuite>