<?xml version="1.0" encoding="UTF-8"?><testsuite errors="1" failures="0" name="Testing different caegories on the BestBuy application" skipped="0" tests="5" time="0.27" timestamp="2022-06-21T21:21:29.358+01:00[Europe/London]"><testcase name="Check if the BestBuy application can be accessed categories by users"/><testcase name="Check if user can create a new category in BestBy application"><error type="net.serenitybdd.core.exceptions.UnrecognisedException"/><system-err>null&#13;
</system-err></testcase><testcase name="Verify if the category was added to the application"/><testcase name="Update the category information and verify the updated information"/><testcase name="Delete the category and verify if the category is deleted"/></testsuite>