<?xml version="1.0" encoding="UTF-8"?><testsuite errors="0" failures="1" name="Testing different API method request on Bestbuy" skipped="0" tests="1" time="8.7" timestamp="2022-06-19T15:20:22.478+01:00[Europe/London]"><testcase name="Check if the Services application can be accessed by users"><failure message="1 expectation failed.&#10;Expected status code &lt;201&gt; but was &lt;404&gt;.&#10;" type="java.lang.AssertionError">1 expectation failed.
Expected status code &lt;201&gt; but was &lt;404&gt;.
</failure><system-err>1 expectation failed.
Expected status code &lt;201&gt; but was &lt;404&gt;.
&#13;
io.restassured.internal.ResponseSpecificationImpl.validateResponseIfRequired(ResponseSpecificationImpl.groovy:636)&#13;
io.restassured.internal.ResponseSpecificationImpl.statusCode(ResponseSpecificationImpl.groovy:122)&#13;
io.restassured.internal.ResponseSpecificationImpl.statusCode(ResponseSpecificationImpl.groovy:130)&#13;
io.restassured.internal.ValidatableResponseOptionsImpl.statusCode(ValidatableResponseOptionsImpl.java:117)&#13;
api.bestbuy.cucumber.steps.ServicesStepsdefs.userSendsPostRequestToAddANewServices(ServicesStepsdefs.java:26)&#13;
✽.When user sends post request to add a new services "Spain style services02"(services.feature:4)&#13;
</system-err></testcase></testsuite>